2021-02-23 12:23:51.509  INFO 11292 --- [main] com.example.ec.ExplorecaliApplication    : Starting ExplorecaliApplication using Java 14.0.2 on LAPTOP-OIS9EC0A with PID 11292 (C:\Users\thytr\IdeaProjects\Ex_Files_Ext_Docker_Spring_Boot_Upd\Exercise Files\Ch01\01_01\explorecali\target\classes started by thytr in C:\Users\thytr\IdeaProjects\Ex_Files_Ext_Docker_Spring_Boot_Upd\Exercise Files\Ch01\01_01\explorecali)
2021-02-23 12:23:51.511 DEBUG 11292 --- [main] com.example.ec.ExplorecaliApplication    : Running with Spring Boot v2.4.3, Spring v5.3.4
2021-02-23 12:23:51.511  INFO 11292 --- [main] com.example.ec.ExplorecaliApplication    : No active profile set, falling back to default profiles: default
2021-02-23 12:23:52.181  INFO 11292 --- [main] .s.d.r.c.RepositoryConfigurationDelegate : Bootstrapping Spring Data JPA repositories in DEFAULT mode.
2021-02-23 12:23:52.259  INFO 11292 --- [main] .s.d.r.c.RepositoryConfigurationDelegate : Finished Spring Data repository scanning in 70 ms. Found 3 JPA repository interfaces.
2021-02-23 12:23:52.708  INFO 11292 --- [main] o.s.b.w.embedded.tomcat.TomcatWebServer  : Tomcat initialized with port(s): 8080 (http)
2021-02-23 12:23:52.717  INFO 11292 --- [main] o.apache.catalina.core.StandardService   : Starting service [Tomcat]
2021-02-23 12:23:52.717  INFO 11292 --- [main] org.apache.catalina.core.StandardEngine  : Starting Servlet engine: [Apache Tomcat/9.0.43]
2021-02-23 12:23:52.833  INFO 11292 --- [main] o.a.c.c.C.[Tomcat].[localhost].[/]       : Initializing Spring embedded WebApplicationContext
2021-02-23 12:23:52.833  INFO 11292 --- [main] w.s.c.ServletWebServerApplicationContext : Root WebApplicationContext: initialization completed in 1285 ms
2021-02-23 12:23:52.994  INFO 11292 --- [main] com.zaxxer.hikari.HikariDataSource       : HikariPool-1 - Starting...
2021-02-23 12:23:53.070  INFO 11292 --- [main] com.zaxxer.hikari.HikariDataSource       : HikariPool-1 - Start completed.
2021-02-23 12:23:53.231  INFO 11292 --- [main] o.hibernate.jpa.internal.util.LogHelper  : HHH000204: Processing PersistenceUnitInfo [name: default]
2021-02-23 12:23:53.263  INFO 11292 --- [main] org.hibernate.Version                    : HHH000412: Hibernate ORM core version 5.4.28.Final
2021-02-23 12:23:53.336  INFO 11292 --- [main] o.hibernate.annotations.common.Version   : HCANN000001: Hibernate Commons Annotations {5.1.2.Final}
2021-02-23 12:23:53.433  INFO 11292 --- [main] org.hibernate.dialect.Dialect            : HHH000400: Using dialect: org.hibernate.dialect.H2Dialect
2021-02-23 12:23:53.820  INFO 11292 --- [main] o.h.e.t.j.p.i.JtaPlatformInitiator       : HHH000490: Using JtaPlatform implementation: [org.hibernate.engine.transaction.jta.platform.internal.NoJtaPlatform]
2021-02-23 12:23:53.828  INFO 11292 --- [main] j.LocalContainerEntityManagerFactoryBean : Initialized JPA EntityManagerFactory for persistence unit 'default'
2021-02-23 12:23:54.103  WARN 11292 --- [main] JpaBaseConfiguration$JpaWebConfiguration : spring.jpa.open-in-view is enabled by default. Therefore, database queries may be performed during view rendering. Explicitly configure spring.jpa.open-in-view to disable this warning
2021-02-23 12:23:54.384  INFO 11292 --- [main] o.s.s.concurrent.ThreadPoolTaskExecutor  : Initializing ExecutorService 'applicationTaskExecutor'
2021-02-23 12:23:54.714  INFO 11292 --- [main] o.s.b.w.embedded.tomcat.TomcatWebServer  : Tomcat started on port(s): 8080 (http) with context path ''
2021-02-23 12:23:54.720  INFO 11292 --- [main] com.example.ec.ExplorecaliApplication    : Started ExplorecaliApplication in 3.45 seconds (JVM running for 4.115)
2021-02-23 12:24:14.395  INFO 11292 --- [http-nio-8080-exec-1] o.a.c.c.C.[Tomcat].[localhost].[/]       : Initializing Spring DispatcherServlet 'dispatcherServlet'
2021-02-23 12:24:14.396  INFO 11292 --- [http-nio-8080-exec-1] o.s.web.servlet.DispatcherServlet        : Initializing Servlet 'dispatcherServlet'
2021-02-23 12:24:14.397  INFO 11292 --- [http-nio-8080-exec-1] o.s.web.servlet.DispatcherServlet        : Completed initialization in 1 ms
2021-02-23 12:24:27.430  WARN 11292 --- [http-nio-8080-exec-2] .w.s.m.s.DefaultHandlerExceptionResolver : Resolved [org.springframework.web.HttpRequestMethodNotSupportedException: Request method 'POST' not supported]
